
> ZYGShopping@0.0.0 start /home/student/2406A/A5/demo_code/ShoppingApp
> node ./bin/www

To Test from localhost at:
http://localhost:port 3000
To Test from OpenStack
http://134.117.216.176:port 3000
[0mGET / [36m304 [0m85.259 ms - -[0m
[0mGET /stylesheets/bootstrap.css [36m304 [0m4.193 ms - -[0m
[0mGET /stylesheets/bootstrap-select.css [36m304 [0m3.635 ms - -[0m
[0mGET /stylesheets/style.css [36m304 [0m0.430 ms - -[0m
[0mGET /images/logo.png [36m304 [0m0.432 ms - -[0m
[0mGET /javascripts/font-awesome.js [36m304 [0m0.844 ms - -[0m
[0mGET /javascripts/handlebars-v4.0.11.js [36m304 [0m0.585 ms - -[0m
[0mGET /javascripts/jquery-1.11.3.js [36m304 [0m0.595 ms - -[0m
[0mGET /javascripts/jquery.superslides.js [36m304 [0m0.693 ms - -[0m
[0mGET /javascripts/bootstrap.js [36m304 [0m1.129 ms - -[0m
[0mGET /javascripts/bootstrap-select.js [36m304 [0m1.013 ms - -[0m
[0mGET /javascripts/custom.js [36m304 [0m0.581 ms - -[0m
[0mGET / [36m304 [0m52.596 ms - -[0m
[0mGET /stylesheets/bootstrap.css [36m304 [0m1.403 ms - -[0m
[0mGET /stylesheets/bootstrap-select.css [36m304 [0m1.218 ms - -[0m
[0mGET /stylesheets/style.css [36m304 [0m1.086 ms - -[0m
[0mGET /javascripts/font-awesome.js [36m304 [0m0.394 ms - -[0m
[0mGET /images/logo.png [36m304 [0m0.340 ms - -[0m
[0mGET /javascripts/handlebars-v4.0.11.js [36m304 [0m0.748 ms - -[0m
[0mGET /javascripts/jquery-1.11.3.js [36m304 [0m0.509 ms - -[0m
[0mGET /javascripts/jquery.superslides.js [36m304 [0m0.362 ms - -[0m
[0mGET /javascripts/bootstrap.js [36m304 [0m0.271 ms - -[0m
[0mGET /javascripts/bootstrap-select.js [36m304 [0m0.665 ms - -[0m
[0mGET /javascripts/custom.js [36m304 [0m0.672 ms - -[0m

> ZYGShopping@0.0.0 start /home/student/2406A/A5/demo_code/ShoppingApp
> node ./bin/www

To Test from localhost at:
http://localhost:port 3000
To Test from OpenStack
http://134.117.216.176:port 3000
[0mGET / [36m304 [0m84.444 ms - -[0m
[0mGET /stylesheets/bootstrap.css [36m304 [0m4.688 ms - -[0m
[0mGET /stylesheets/bootstrap-select.css [36m304 [0m5.083 ms - -[0m
[0mGET /stylesheets/style.css [36m304 [0m0.692 ms - -[0m
[0mGET /images/logo.png [36m304 [0m0.532 ms - -[0m
[0mGET /javascripts/handlebars-v4.0.11.js [36m304 [0m0.780 ms - -[0m
[0mGET /javascripts/font-awesome.js [36m304 [0m0.684 ms - -[0m
[0mGET /javascripts/jquery-1.11.3.js [36m304 [0m0.794 ms - -[0m
[0mGET /javascripts/jquery.superslides.js [36m304 [0m0.727 ms - -[0m
[0mGET /javascripts/bootstrap.js [36m304 [0m0.502 ms - -[0m
[0mGET /javascripts/custom.js [36m304 [0m0.590 ms - -[0m
[0mGET /javascripts/bootstrap-select.js [36m304 [0m0.498 ms - -[0m
[0mGET / [36m304 [0m48.798 ms - -[0m
[0mGET /stylesheets/bootstrap-select.css [36m304 [0m0.771 ms - -[0m
[0mGET /stylesheets/bootstrap.css [36m304 [0m0.319 ms - -[0m
[0mGET /images/logo.png [36m304 [0m0.354 ms - -[0m
[0mGET /stylesheets/style.css [36m304 [0m0.333 ms - -[0m
[0mGET /javascripts/font-awesome.js [36m304 [0m0.566 ms - -[0m
[0mGET /javascripts/handlebars-v4.0.11.js [36m304 [0m0.676 ms - -[0m
[0mGET /javascripts/jquery-1.11.3.js [36m304 [0m0.546 ms - -[0m
[0mGET /javascripts/bootstrap.js [36m304 [0m0.627 ms - -[0m
[0mGET /javascripts/jquery.superslides.js [36m304 [0m0.678 ms - -[0m
[0mGET /javascripts/custom.js [36m304 [0m0.613 ms - -[0m
[0mGET /javascripts/bootstrap-select.js [36m304 [0m0.502 ms - -[0m
[0mGET / [36m304 [0m86.169 ms - -[0m
[0mGET /stylesheets/bootstrap-select.css [36m304 [0m0.735 ms - -[0m
[0mGET /stylesheets/style.css [36m304 [0m0.540 ms - -[0m
[0mGET /stylesheets/bootstrap.css [36m304 [0m0.514 ms - -[0m
[0mGET /javascripts/font-awesome.js [36m304 [0m0.532 ms - -[0m
[0mGET /images/logo.png [36m304 [0m0.329 ms - -[0m
[0mGET /javascripts/handlebars-v4.0.11.js [36m304 [0m1.236 ms - -[0m
[0mGET /javascripts/jquery-1.11.3.js [36m304 [0m1.184 ms - -[0m
[0mGET /javascripts/bootstrap-select.js [36m304 [0m1.240 ms - -[0m
[0mGET /javascripts/custom.js [36m304 [0m1.047 ms - -[0m
[0mGET /javascripts/jquery.superslides.js [36m304 [0m1.064 ms - -[0m
[0mGET /javascripts/bootstrap.js [36m304 [0m0.993 ms - -[0m
[0mGET / [36m304 [0m22.636 ms - -[0m
[0mGET /stylesheets/bootstrap.css [36m304 [0m0.794 ms - -[0m
[0mGET /stylesheets/bootstrap-select.css [36m304 [0m0.598 ms - -[0m
[0mGET /stylesheets/style.css [36m304 [0m2.238 ms - -[0m
[0mGET /images/logo.png [36m304 [0m0.686 ms - -[0m
[0mGET /javascripts/font-awesome.js [36m304 [0m0.663 ms - -[0m
[0mGET /javascripts/handlebars-v4.0.11.js [36m304 [0m1.833 ms - -[0m
[0mGET /javascripts/jquery-1.11.3.js [36m304 [0m1.616 ms - -[0m
[0mGET /javascripts/jquery.superslides.js [36m304 [0m0.626 ms - -[0m
[0mGET /javascripts/bootstrap.js [36m304 [0m0.489 ms - -[0m
[0mGET /javascripts/bootstrap-select.js [36m304 [0m0.649 ms - -[0m
[0mGET /javascripts/custom.js [36m304 [0m0.392 ms - -[0m
[0mGET / [36m304 [0m37.395 ms - -[0m
[0mGET /stylesheets/bootstrap.css [36m304 [0m1.684 ms - -[0m
[0mGET /stylesheets/bootstrap-select.css [36m304 [0m1.302 ms - -[0m
[0mGET /stylesheets/style.css [36m304 [0m0.969 ms - -[0m
[0mGET /images/logo.png [36m304 [0m0.614 ms - -[0m
[0mGET /javascripts/font-awesome.js [36m304 [0m0.439 ms - -[0m
[0mGET /javascripts/handlebars-v4.0.11.js [36m304 [0m1.247 ms - -[0m
[0mGET /javascripts/jquery-1.11.3.js [36m304 [0m1.147 ms - -[0m
[0mGET /javascripts/jquery.superslides.js [36m304 [0m0.955 ms - -[0m
[0mGET /javascripts/bootstrap.js [36m304 [0m0.875 ms - -[0m
[0mGET /javascripts/bootstrap-select.js [36m304 [0m0.450 ms - -[0m
[0mGET /javascripts/custom.js [36m304 [0m0.468 ms - -[0m
[0mGET / [36m304 [0m28.352 ms - -[0m
[0mGET /stylesheets/bootstrap.css [36m304 [0m2.102 ms - -[0m
[0mGET /stylesheets/bootstrap-select.css [36m304 [0m1.735 ms - -[0m
[0mGET /stylesheets/style.css [36m304 [0m1.629 ms - -[0m
[0mGET /images/logo.png [36m304 [0m0.545 ms - -[0m
[0mGET /javascripts/font-awesome.js [36m304 [0m0.540 ms - -[0m
[0mGET /javascripts/handlebars-v4.0.11.js [36m304 [0m1.307 ms - -[0m
[0mGET /javascripts/jquery-1.11.3.js [36m304 [0m1.158 ms - -[0m
[0mGET /javascripts/bootstrap.js [36m304 [0m1.278 ms - -[0m
[0mGET /javascripts/jquery.superslides.js [36m304 [0m1.228 ms - -[0m
[0mGET /javascripts/bootstrap-select.js [36m304 [0m0.628 ms - -[0m
[0mGET /javascripts/custom.js [36m304 [0m0.531 ms - -[0m
[0mGET / [36m304 [0m21.683 ms - -[0m
[0mGET /stylesheets/bootstrap.css [36m304 [0m1.407 ms - -[0m
[0mGET /stylesheets/bootstrap-select.css [36m304 [0m1.248 ms - -[0m
[0mGET /stylesheets/style.css [36m304 [0m0.429 ms - -[0m
[0mGET /images/logo.png [36m304 [0m0.395 ms - -[0m
[0mGET /javascripts/font-awesome.js [36m304 [0m0.715 ms - -[0m
[0mGET /javascripts/handlebars-v4.0.11.js [36m304 [0m0.636 ms - -[0m
[0mGET /javascripts/jquery-1.11.3.js [36m304 [0m0.469 ms - -[0m
[0mGET /javascripts/jquery.superslides.js [36m304 [0m1.153 ms - -[0m
[0mGET /javascripts/bootstrap.js [36m304 [0m1.029 ms - -[0m
[0mGET /javascripts/bootstrap-select.js [36m304 [0m0.514 ms - -[0m
[0mGET /javascripts/custom.js [36m304 [0m0.490 ms - -[0m
[0mGET / [36m304 [0m31.276 ms - -[0m
[0mGET /stylesheets/bootstrap.css [36m304 [0m0.842 ms - -[0m
[0mGET /stylesheets/bootstrap-select.css [36m304 [0m0.616 ms - -[0m
[0mGET /stylesheets/style.css [36m304 [0m0.496 ms - -[0m
[0mGET /images/logo.png [36m304 [0m0.265 ms - -[0m
[0mGET /javascripts/font-awesome.js [36m304 [0m0.675 ms - -[0m
[0mGET /javascripts/handlebars-v4.0.11.js [36m304 [0m0.781 ms - -[0m
[0mGET /javascripts/jquery-1.11.3.js [36m304 [0m0.686 ms - -[0m
[0mGET /javascripts/jquery.superslides.js [36m304 [0m5.085 ms - -[0m
[0mGET /javascripts/bootstrap.js [36m304 [0m0.609 ms - -[0m
[0mGET /javascripts/bootstrap-select.js [36m304 [0m0.587 ms - -[0m
[0mGET /javascripts/custom.js [36m304 [0m0.465 ms - -[0m
[0mGET / [36m304 [0m31.543 ms - -[0m
[0mGET /stylesheets/bootstrap.css [36m304 [0m1.310 ms - -[0m
[0mGET /stylesheets/bootstrap-select.css [36m304 [0m1.281 ms - -[0m
[0mGET /stylesheets/style.css [36m304 [0m0.563 ms - -[0m
[0mGET /javascripts/font-awesome.js [36m304 [0m1.193 ms - -[0m
[0mGET /images/logo.png [36m304 [0m1.035 ms - -[0m
[0mGET /javascripts/handlebars-v4.0.11.js [36m304 [0m1.083 ms - -[0m
[0mGET /javascripts/jquery-1.11.3.js [36m304 [0m1.028 ms - -[0m
[0mGET /javascripts/bootstrap.js [36m304 [0m1.065 ms - -[0m
[0mGET /javascripts/jquery.superslides.js [36m304 [0m1.010 ms - -[0m
[0mGET /javascripts/bootstrap-select.js [36m304 [0m1.028 ms - -[0m
[0mGET /javascripts/custom.js [36m304 [0m1.038 ms - -[0m
